<?xml version="1.0" encoding="UTF-8"?>
<!-- Generated by org.testng.reporters.JUnitReportReporter -->
<testsuite hostname="LAPTOP-OK82HB45" failures="0" tests="1" name="com.usa.my.runner.RunCucumberTest" time="5.751" errors="0" timestamp="24 Mar 2022 01:41:21 GMT" skipped="0">
  <testcase classname="com.usa.my.runner.RunCucumberTest" name="feature" time="5.751"/>
</testsuite> <!-- com.usa.my.runner.RunCucumberTest -->
